<?xml version="1.0" encoding="UTF-8"?>
<!-- Generated by org.testng.reporters.JUnitReportReporter -->
<testsuite skipped="0" hostname="LAPTOP-OCQSVSUR" name="com.techfiosaddcategory.TestNg.AppTest" tests="1" failures="0" timestamp="21 Jun 2020 18:45:22 GMT" time="0.006" errors="0">
  <testcase name="shouldAnswerWithTrue" time="0.006" classname="com.techfiosaddcategory.TestNg.AppTest"/>
</testsuite> <!-- com.techfiosaddcategory.TestNg.AppTest -->
